Thu Jun 08 2023 8:42:36 } [PH] error: globalErrorHandler [
  {
    "code": "invalid_type",
    "expected": "number",
    "received": "string",
    "path": [
      "body",
      "year"
    ],
    "message": "Expected number, received string"
  },
  {
    "received": "1",
    "code": "invalid_enum_value",
    "options": [
      "01",
      "02",
      "03"
    ],
    "path": [
      "body",
      "code"
    ],
    "message": "Invalid enum value. Expected '01' | '02' | '03', received '1'"
  },
  {
    "expected": "'January' | 'February' | 'March' | 'April' | 'May' | 'June' | 'July' | 'August' | 'September' | 'October' | 'November' | 'December'",
    "received": "undefined",
    "code": "invalid_type",
    "path": [
      "startMonth"
    ],
    "message": "Start month is needed"
  },
  {
    "expected": "'January' | 'February' | 'March' | 'April' | 'May' | 'June' | 'July' | 'August' | 'September' | 'October' | 'November' | 'December'",
    "received": "undefined",
    "code": "invalid_type",
    "path": [
      "endMonth"
    ],
    "message": "End month is needed"
  }
]
Thu Jun 08 2023 8:44:38 } [PH] error: globalErrorHandler [
  {
    "code": "invalid_type",
    "expected": "number",
    "received": "string",
    "path": [
      "body",
      "year"
    ],
    "message": "Expected number, received string"
  },
  {
    "received": "1",
    "code": "invalid_enum_value",
    "options": [
      "01",
      "02",
      "03"
    ],
    "path": [
      "body",
      "code"
    ],
    "message": "Invalid enum value. Expected '01' | '02' | '03', received '1'"
  },
  {
    "received": "Jonuary",
    "code": "invalid_enum_value",
    "options": [
      "January",
      "February",
      "March",
      "April",
      "May",
      "June",
      "July",
      "August",
      "September",
      "October",
      "November",
      "December"
    ],
    "path": [
      "body",
      "startMonth"
    ],
    "message": "Invalid enum value. Expected 'January' | 'February' | 'March' | 'April' | 'May' | 'June' | 'July' | 'August' | 'September' | 'October' | 'November' | 'December', received 'Jonuary'"
  }
]
Thu Jun 08 2023 8:47:29 } [PH] error: globalErrorHandler [
  {
    "code": "invalid_type",
    "expected": "number",
    "received": "string",
    "path": [
      "body",
      "year"
    ],
    "message": "Expected number, received string"
  },
  {
    "received": "1",
    "code": "invalid_enum_value",
    "options": [
      "01",
      "02",
      "03"
    ],
    "path": [
      "body",
      "code"
    ],
    "message": "Invalid enum value. Expected '01' | '02' | '03', received '1'"
  },
  {
    "received": "Jonuary",
    "code": "invalid_enum_value",
    "options": [
      "January",
      "February",
      "March",
      "April",
      "May",
      "June",
      "July",
      "August",
      "September",
      "October",
      "November",
      "December"
    ],
    "path": [
      "body",
      "startMonth"
    ],
    "message": "Invalid enum value. Expected 'January' | 'February' | 'March' | 'April' | 'May' | 'June' | 'July' | 'August' | 'September' | 'October' | 'November' | 'December', received 'Jonuary'"
  }
]
Thu Jun 08 2023 8:52:57 } [PH] error: globalErrorHandler [
  {
    "code": "invalid_type",
    "expected": "number",
    "received": "string",
    "path": [
      "body",
      "year"
    ],
    "message": "Expected number, received string"
  },
  {
    "received": "1",
    "code": "invalid_enum_value",
    "options": [
      "01",
      "02",
      "03"
    ],
    "path": [
      "body",
      "code"
    ],
    "message": "Invalid enum value. Expected '01' | '02' | '03', received '1'"
  },
  {
    "received": "Jonuary",
    "code": "invalid_enum_value",
    "options": [
      "January",
      "February",
      "March",
      "April",
      "May",
      "June",
      "July",
      "August",
      "September",
      "October",
      "November",
      "December"
    ],
    "path": [
      "body",
      "startMonth"
    ],
    "message": "Invalid enum value. Expected 'January' | 'February' | 'March' | 'April' | 'May' | 'June' | 'July' | 'August' | 'September' | 'October' | 'November' | 'December', received 'Jonuary'"
  }
]
Thu Jun 08 2023 8:58:53 } [PH] error: globalErrorHandler [
  {
    "code": "invalid_type",
    "expected": "number",
    "received": "string",
    "path": [
      "body",
      "year"
    ],
    "message": "Expected number, received string"
  },
  {
    "received": "1",
    "code": "invalid_enum_value",
    "options": [
      "01",
      "02",
      "03"
    ],
    "path": [
      "body",
      "code"
    ],
    "message": "Invalid enum value. Expected '01' | '02' | '03', received '1'"
  },
  {
    "received": "Jonuary",
    "code": "invalid_enum_value",
    "options": [
      "January",
      "February",
      "March",
      "April",
      "May",
      "June",
      "July",
      "August",
      "September",
      "October",
      "November",
      "December"
    ],
    "path": [
      "body",
      "startMonth"
    ],
    "message": "Invalid enum value. Expected 'January' | 'February' | 'March' | 'April' | 'May' | 'June' | 'July' | 'August' | 'September' | 'October' | 'November' | 'December', received 'Jonuary'"
  }
]
